<?xml version="1.0" encoding="utf-8" ?>
<result total-hit-count="2">
  <group relevance="1.0">
    <id type="root"/>
    <grouplist label="id">
      <group relevance="2.0">
        <id type="long">2</id>
        <hitlist label="hits">
          <hit relevancy="2.0">
            <field name="relevancy">2.0</field>
            <field name="sddocname">test</field>
            <field name="id">2</field>
            <field name="f1">bar-foo</field>
            <field name="summaryfeatures">{"attribute(id)":2.0,"vespa.summaryFeatures.cached":0.0}</field>
          </hit>
        </hitlist>
      </group>
      <group relevance="1.0">
        <id type="long">1</id>
        <hitlist label="hits">
          <hit relevancy="1.0">
            <field name="relevancy">1.0</field>
            <field name="sddocname">test</field>
            <field name="id">1</field>
            <field name="f1">bar</field>
            <field name="summaryfeatures">{"attribute(id)":1.0,"vespa.summaryFeatures.cached":0.0}</field>
          </hit>
        </hitlist>
      </group>
    </grouplist>
  </group>
</result>
